proguard/seeds.txt
com.elgubbo.tastekid.DetailActivity
com.elgubbo.tastekid.DetailActivity: DetailActivity()
com.elgubbo.tastekid.R$color: int dark_grey
com.elgubbo.tastekid.R$dimen: int activity_horizontal_margin
com.elgubbo.tastekid.R$dimen: int activity_vertical_margin
com.elgubbo.tastekid.R$drawable: int author
com.elgubbo.tastekid.R$drawable: int book
com.elgubbo.tastekid.R$drawable: int buttons_background
com.elgubbo.tastekid.R$drawable: int buttons_background_header
com.elgubbo.tastekid.R$drawable: int card_background
com.elgubbo.tastekid.R$drawable: int emmyavatar
com.elgubbo.tastekid.R$drawable: int game
com.elgubbo.tastekid.R$drawable: int header_card_background
com.elgubbo.tastekid.R$drawable: int ic_launcher
com.elgubbo.tastekid.R$drawable: int logo
com.elgubbo.tastekid.R$drawable: int movie
com.elgubbo.tastekid.R$drawable: int music
com.elgubbo.tastekid.R$drawable: int selectable_background_cardbank
com.elgubbo.tastekid.R$drawable: int show
com.elgubbo.tastekid.R$drawable: int wikipedia
com.elgubbo.tastekid.R$drawable: int youtube
com.elgubbo.tastekid.R$id: int action_search
com.elgubbo.tastekid.R$id: int buttonLayout
com.elgubbo.tastekid.R$id: int buttonLayoutItem
com.elgubbo.tastekid.R$id: int cardListView
com.elgubbo.tastekid.R$id: int description
com.elgubbo.tastekid.R$id: int iconView
com.elgubbo.tastekid.R$id: int listItemRoot
com.elgubbo.tastekid.R$id: int pager
com.elgubbo.tastekid.R$id: int scrollView1
com.elgubbo.tastekid.R$id: int title
com.elgubbo.tastekid.R$id: int wikiImageView
com.elgubbo.tastekid.R$id: int wikiLinearLayout
com.elgubbo.tastekid.R$id: int wikiTextView
com.elgubbo.tastekid.R$id: int youtubeImageView
com.elgubbo.tastekid.R$id: int youtubeLinearLayout
com.elgubbo.tastekid.R$id: int youtubeTextView
com.elgubbo.tastekid.R$id: int youtube_view
com.elgubbo.tastekid.R$layout: int activity_main
com.elgubbo.tastekid.R$layout: int fragment_main_layout
com.elgubbo.tastekid.R$layout: int header_item
com.elgubbo.tastekid.R$layout: int list_item
com.elgubbo.tastekid.R$layout: int list_item_popup
com.elgubbo.tastekid.R$layout: int searchable
com.elgubbo.tastekid.R$menu: int main
com.elgubbo.tastekid.R$string: int action_settings
com.elgubbo.tastekid.R$string: int app_name
com.elgubbo.tastekid.R$string: int menu_search
com.elgubbo.tastekid.R$string: int search_title
com.elgubbo.tastekid.R$string: int title_section1
com.elgubbo.tastekid.R$string: int title_section2
com.elgubbo.tastekid.R$string: int title_section3
com.elgubbo.tastekid.R$string: int title_section4
com.elgubbo.tastekid.R$string: int title_section5
com.elgubbo.tastekid.R$string: int title_section6
com.elgubbo.tastekid.R$style: int AppBaseTheme
com.elgubbo.tastekid.R$style: int AppTheme
com.elgubbo.tastekid.R$style: int CustomDialogTheme
com.elgubbo.tastekid.R$style: int MyActionBarStyle
com.elgubbo.tastekid.R$style: int NoTitleText
com.elgubbo.tastekid.R$xml: int searchable
com.elgubbo.tastekid.TasteKidActivity
com.elgubbo.tastekid.TasteKidActivity: TasteKidActivity()
com.elgubbo.tastekid.TasteKidApp
com.elgubbo.tastekid.TasteKidApp: TasteKidApp()
com.elgubbo.tastekid.YouTubeFailureRecoveryActivity: YouTubeFailureRecoveryActivity()
com.elgubbo.tastekid.model.Result
...
android.support.v4.app.FragmentState
android.support.v4.app.FragmentState: android.os.Parcelable$Creator CREATOR
android.support.v4.app.FragmentTabHost: void setOnTabChangedListener(android.widget.TabHost$OnTabChangeListener)
android.support.v4.app.FragmentTabHost$SavedState
android.support.v4.app.FragmentTabHost$SavedState: android.os.Parcelable$Creator CREATOR
android.support.v4.content.ModernAsyncTask$Status: android.support.v4.content.ModernAsyncTask$Status[] values()
android.support.v4.content.ModernAsyncTask$Status: android.support.v4.content.ModernAsyncTask$Status valueOf(java.lang.String)
android.support.v4.view.PagerTabStrip: void setTabIndicatorColor(int)
android.support.v4.view.PagerTabStrip: void setTabIndicatorColorResource(int)
android.support.v4.view.PagerTabStrip: int getTabIndicatorColor()
android.support.v4.view.PagerTabStrip: void setTextSpacing(int)
android.support.v4.view.PagerTabStrip: void setBackgroundDrawable(android.graphics.drawable.Drawable)
android.support.v4.view.PagerTabStrip: void setBackgroundColor(int)
android.support.v4.view.PagerTabStrip: void setBackgroundResource(int)
android.support.v4.view.PagerTabStrip: void setDrawFullUnderline(boolean)
android.support.v4.view.PagerTabStrip: boolean getDrawFullUnderline()
android.support.v4.view.PagerTabStrip: int getMinHeight()
android.support.v4.view.PagerTitleStrip: void setSingleLineAllCaps(android.widget.TextView)
android.support.v4.view.PagerTitleStrip: void setTextSpacing(int)
android.support.v4.view.PagerTitleStrip: int getTextSpacing()
android.support.v4.view.PagerTitleStrip: void setNonPrimaryAlpha(float)
android.support.v4.view.PagerTitleStrip: void setTextColor(int)
android.support.v4.view.PagerTitleStrip: void setGravity(int)
android.support.v4.view.PagerTitleStrip: int getMinHeight()
android.support.v4.view.ViewPager
android.support.v4.view.ViewPager: ViewPager(android.content.Context)
android.support.v4.view.ViewPager: ViewPager(android.content.Context,android.util.AttributeSet)
android.support.v4.view.ViewPager: void setScrollState(int)
android.support.v4.view.ViewPager: void setAdapter(android.support.v4.view.PagerAdapter)
android.support.v4.view.ViewPager: android.support.v4.view.PagerAdapter getAdapter()
android.support.v4.view.ViewPager: void setOnAdapterChangeListener(android.support.v4.view.ViewPager$OnAdapterChangeListener)
android.support.v4.view.ViewPager: void setCurrentItem(int)
android.support.v4.view.ViewPager: int getCurrentItem()
android.support.v4.view.ViewPager: void setOnPageChangeListener(android.support.v4.view.ViewPager$OnPageChangeListener)
android.support.v4.view.ViewPager: void setChildrenDrawingOrderEnabledCompat(boolean)
android.support.v4.view.ViewPager: int getOffscreenPageLimit()
android.support.v4.view.ViewPager: void setOffscreenPageLimit(int)
android.support.v4.view.ViewPager: void setPageMargin(int)
android.support.v4.view.ViewPager: int getPageMargin()
android.support.v4.view.ViewPager: void setPageMarginDrawable(android.graphics.drawable.Drawable)
android.support.v4.view.ViewPager: void setPageMarginDrawable(int)
android.support.v4.view.ViewPager: void setScrollingCacheEnabled(boolean)
android.support.v4.view.ViewPager$SavedState
android.support.v4.view.ViewPager$SavedState: android.os.Parcelable$Creator CREATOR
com.google.android.youtube.player.YouTubeBaseActivity: YouTubeBaseActivity()
com.google.android.youtube.player.YouTubeInitializationResult: com.google.android.youtube.player.YouTubeInitializationResult[] values()
com.google.android.youtube.player.YouTubeInitializationResult: com.google.android.youtube.player.YouTubeInitializationResult valueOf(java.lang.String)
com.google.android.youtube.player.YouTubePlayer$ErrorReason: com.google.android.youtube.player.YouTubePlayer$ErrorReason[] values()
com.google.android.youtube.player.YouTubePlayer$ErrorReason: com.google.android.youtube.player.YouTubePlayer$ErrorReason valueOf(java.lang.String)