proguard/mapping.txt
com.elgubbo.tastekid.CardListArrayAdapter -> com.elgubbo.tastekid.a:
    java.util.Map iconMap -> a
    java.util.ArrayList results -> b
    android.view.View getView(int,android.view.View,android.view.ViewGroup) -> getView
    com.elgubbo.tastekid.model.Result getItem(int) -> a
    void setupButtons(int,android.view.View) -> a
    void addOnClickListenerToButtons(android.widget.LinearLayout,com.elgubbo.tastekid.model.Result) -> a
    java.lang.Object getItem(int) -> getItem
com.elgubbo.tastekid.DetailActivity -> com.elgubbo.tastekid.DetailActivity:
    com.elgubbo.tastekid.model.Result result -> a
    void onCreate(android.os.Bundle) -> onCreate
    void onInitializationSuccess(com.google.android.youtube.player.YouTubePlayer$Provider,com.google.android.youtube.player.YouTubePlayer,boolean) -> a
    com.google.android.youtube.player.YouTubePlayer$Provider getYouTubePlayerProvider() -> a
com.elgubbo.tastekid.ItemButtonClickListener -> com.elgubbo.tastekid.b:
    com.elgubbo.tastekid.model.Result result -> a
    android.content.Context appContext -> b
    void onClick(android.view.View) -> onClick
com.elgubbo.tastekid.ListItemClickListener -> com.elgubbo.tastekid.c:
    void onItemClick(android.widget.AdapterView,android.view.View,int,long) -> onItemClick
com.elgubbo.tastekid.ResultManager -> com.elgubbo.tastekid.d:
    com.elgubbo.tastekid.ResultManager instance -> a
    com.elgubbo.tastekid.interfaces.IResultsReceiver callBack -> b
    java.util.ArrayList info -> c
    java.util.ArrayList results -> d
    java.lang.String oldQuery -> e
    com.elgubbo.tastekid.ResultManager getInstance() -> a
    void sendResultsForQueryTo(com.elgubbo.tastekid.interfaces.IResultsReceiver,java.lang.String) -> a
    void onQueryComplete(java.util.ArrayList) -> a
    boolean resultsAvailable() -> b
    java.util.ArrayList getresultsByType(java.lang.String) -> a
    java.util.ArrayList getResultsByPosition(int) -> a
    void onQueryFailed(java.lang.Exception) -> a
    void onDefaultError(java.lang.Exception) -> b
    java.util.ArrayList getInfo() -> c
com.elgubbo.tastekid.SearchQueryChangeListener -> com.elgubbo.tastekid.e:
    int position -> a
    com.elgubbo.tastekid.SectionsPagerAdapter mSectionsPagerAdapter -> b
    android.support.v4.view.ViewPager mViewPager -> c
    android.util.SparseArray lastSearches -> d
    boolean onQueryTextChange(java.lang.String) -> onQueryTextChange
    boolean onQueryTextSubmit(java.lang.String) -> onQueryTextSubmit
com.elgubbo.tastekid.SectionFragment -> com.elgubbo.tastekid.f:
    java.util.ArrayList results -> P
    java.util.ArrayList info -> Q
    android.view.View rootView -> R
    android.widget.ListView listView -> S
    com.elgubbo.tastekid.CardListArrayAdapter adapter -> T
    android.view.LayoutInflater inflater -> U
    android.widget.LinearLayout progressLayout -> W
    android.widget.LinearLayout headerLayout -> X
    android.widget.LinearLayout infoLayout -> Y
    android.widget.LinearLayout helpLayout -> Z
    int position -> V
    com.elgubbo.tastekid.db.DBHelper databaseHelper -> aa
    com.elgubbo.tastekid.SectionFragment init(int,android.util.SparseArray) -> a
    android.view.View onCreateView(android.view.LayoutInflater,android.view.ViewGroup,android.os.Bundle) -> a
    void onSaveInstanceState(android.os.Bundle) -> g
    void setupListView() -> F
    void updateCards() -> G
    void fillHeaderNoResults() -> H
    void onDestroy() -> n
    void setupHeader() -> I
    void fillHelpInfo() -> A
    void fillHeaderInfo() -> B
    void setupLoadingBar() -> J
    void showLoadingBar() -> C
    void hideLoadingBar() -> D
    void setupHeaderButtons(android.view.View,com.elgubbo.tastekid.model.Result) -> a
    void addOnClickListenerToButtons(android.widget.LinearLayout,com.elgubbo.tastekid.model.Result) -> a
    void onResultsReady() -> E
    void onErrorReceived(java.lang.String) -> a
...
android.support.v4.widget.EdgeEffectCompat$BaseEdgeEffectImpl -> android.support.v4.d.b:
    java.lang.Object newEdgeEffect(android.content.Context) -> a
    void setSize(java.lang.Object,int,int) -> a
    boolean isFinished(java.lang.Object) -> a
    void finish(java.lang.Object) -> b
    boolean onPull(java.lang.Object,float) -> a
    boolean onRelease(java.lang.Object) -> c
    boolean draw(java.lang.Object,android.graphics.Canvas) -> a
android.support.v4.widget.EdgeEffectCompat$EdgeEffectIcsImpl -> android.support.v4.d.c:
    java.lang.Object newEdgeEffect(android.content.Context) -> a
    void setSize(java.lang.Object,int,int) -> a
    boolean isFinished(java.lang.Object) -> a
    void finish(java.lang.Object) -> b
    boolean onPull(java.lang.Object,float) -> a
    boolean onRelease(java.lang.Object) -> c
    boolean draw(java.lang.Object,android.graphics.Canvas) -> a
android.support.v4.widget.EdgeEffectCompat$EdgeEffectImpl -> android.support.v4.d.d:
    java.lang.Object newEdgeEffect(android.content.Context) -> a
    void setSize(java.lang.Object,int,int) -> a
    boolean isFinished(java.lang.Object) -> a
    void finish(java.lang.Object) -> b
    boolean onPull(java.lang.Object,float) -> a
    boolean onRelease(java.lang.Object) -> c
    boolean draw(java.lang.Object,android.graphics.Canvas) -> a
android.support.v4.widget.EdgeEffectCompatIcs -> android.support.v4.d.e:
    java.lang.Object newEdgeEffect(android.content.Context) -> a
    void setSize(java.lang.Object,int,int) -> a
    boolean isFinished(java.lang.Object) -> a
    void finish(java.lang.Object) -> b
    boolean onPull(java.lang.Object,float) -> a
    boolean onRelease(java.lang.Object) -> c
    boolean draw(java.lang.Object,android.graphics.Canvas) -> a
com.google.android.youtube.player.YouTubeApiServiceUtil -> com.google.android.youtube.player.a:
    byte[][] a -> a
    com.google.android.youtube.player.YouTubeInitializationResult isYouTubeApiServiceAvailable(android.content.Context) -> a
    boolean a(android.content.pm.PackageInfo) -> a
com.google.android.youtube.player.YouTubeBaseActivity -> com.google.android.youtube.player.b:
    com.google.android.youtube.player.YouTubeBaseActivity$a a -> a
    com.google.android.youtube.player.YouTubePlayerView b -> b
    int c -> c
    android.os.Bundle d -> d
    com.google.android.youtube.player.YouTubePlayerView$b a() -> b
    void onCreate(android.os.Bundle) -> onCreate
    void onStart() -> onStart
    void onResume() -> onResume
    void onPause() -> onPause
    void onSaveInstanceState(android.os.Bundle) -> onSaveInstanceState
    void onStop() -> onStop
    void onDestroy() -> onDestroy
    android.os.Bundle a(com.google.android.youtube.player.YouTubeBaseActivity) -> a
    android.os.Bundle b(com.google.android.youtube.player.YouTubeBaseActivity) -> b
    com.google.android.youtube.player.YouTubePlayerView c(com.google.android.youtube.player.YouTubeBaseActivity) -> c
    com.google.android.youtube.player.YouTubePlayerView a(com.google.android.youtube.player.YouTubeBaseActivity,com.google.android.youtube.player.YouTubePlayerView) -> a
    int d(com.google.android.youtube.player.YouTubeBaseActivity) -> d
com.google.android.youtube.player.YouTubeBaseActivity$a -> com.google.android.youtube.player.c:
    com.google.android.youtube.player.YouTubeBaseActivity a -> a
    void a(com.google.android.youtube.player.YouTubePlayerView,java.lang.String,com.google.android.youtube.player.YouTubePlayer$OnInitializedListener) -> a
    void a(com.google.android.youtube.player.YouTubePlayerView) -> a