proguard/usage.txt
com.elgubbo.tastekid.BuildConfig
com.elgubbo.tastekid.Configuration
com.elgubbo.tastekid.R
com.elgubbo.tastekid.R$attr
com.elgubbo.tastekid.R$color
com.elgubbo.tastekid.R$dimen
com.elgubbo.tastekid.R$drawable
com.elgubbo.tastekid.R$id
com.elgubbo.tastekid.R$layout
com.elgubbo.tastekid.R$menu
com.elgubbo.tastekid.R$string
com.elgubbo.tastekid.R$style
com.elgubbo.tastekid.R$xml
com.elgubbo.tastekid.ResultManager:
    private com.elgubbo.tastekid.db.DBHelper databaseHelper
    70:74:public com.elgubbo.tastekid.db.DBHelper getHelper()
    104:122:private void saveResults()
com.elgubbo.tastekid.SearchQueryChangeListener:
    16:16:public int getPosition()
    20:21:public void setPosition(int)
com.elgubbo.tastekid.TasteKidActivity:
    167:170:public com.elgubbo.tastekid.db.DBHelper getHelper()
com.elgubbo.tastekid.TasteKidApp:
    public static final int POSITION_ALL
    public static final int POSITION_MOVIE
    public static final int POSITION_MUSIC
    public static final int POSITION_BOOK
    public static final int POSITION_GAME
    public static final int POSITION_SHOW
com.elgubbo.tastekid.YouTubeFailureRecoveryActivity:
    private static final int RECOVERY_DIALOG_REQUEST
com.elgubbo.tastekid.api.APIWrapper:
    23:23:public APIWrapper()
com.elgubbo.tastekid.api.UnsecureHttpClient:
    38:39:private UnsecureHttpClient()
com.elgubbo.tastekid.db.DBHelper:
    private static final java.lang.String DATABASE_NAME
    private static final int DATABASE_VERSION
    59:62:public com.j256.ormlite.dao.Dao getResultDao()
com.elgubbo.tastekid.model.Result:
    private int id
    java.sql.Date created
    73:73:public int getId()
    76:77:public void setId(int)
com.elgubbo.tastekid.model.Similar:
    7:7:public Similar()
    17:18:public void setInfo(java.util.List)
    29:30:public void setResults(java.util.List)
...
android.support.v4.os.ParcelableCompatCreatorHoneycombMR2Stub:
    22:22:ParcelableCompatCreatorHoneycombMR2Stub()
android.support.v4.util.AtomicFile
android.support.v4.util.DebugUtils:
    25:25:public DebugUtils()
android.support.v4.util.LongSparseArray
android.support.v4.util.LruCache
android.support.v4.util.SparseArrayCompat:
    52:52:public java.lang.Object get(int)
    60:65:public java.lang.Object get(int,java.lang.Object)
    73:81:public void delete(int)
    87:88:public void remove(int)
    94:98:public void removeAt(int)
    107:111:public void removeAtRange(int,int)
    146:190:public void put(int,java.lang.Object)
    236:241:public void setValueAt(int,java.lang.Object)
    249:253:public int indexOfKey(int)
    265:273:public int indexOfValue(java.lang.Object)
    296:323:public void append(int,java.lang.Object)
    326:342:private static int binarySearch(int[],int,int,int)
android.support.v4.util.TimeUtils
android.support.v4.view.AccessibilityDelegateCompatIcs:
    28:30:AccessibilityDelegateCompatIcs()
android.support.v4.view.AccessibilityDelegateCompatJellyBean:
    30:32:AccessibilityDelegateCompatJellyBean()
android.support.v4.view.GestureDetectorCompat
android.support.v4.view.GestureDetectorCompat$GestureDetectorCompatImpl
android.support.v4.view.GestureDetectorCompat$GestureDetectorCompatImplBase
android.support.v4.view.GestureDetectorCompat$GestureDetectorCompatImplBase$GestureHandler
android.support.v4.view.GestureDetectorCompat$GestureDetectorCompatImplJellybeanMr1
android.support.v4.view.KeyEventCompat:
    25:95:public KeyEventCompat()
    127:127:public static int normalizeMetaState(int)
    131:131:public static boolean metaStateHasModifiers(int,int)
    135:135:public static boolean metaStateHasNoModifiers(int)
android.support.v4.view.KeyEventCompat$BaseKeyEventVersionImpl:
    private static final int META_MODIFIER_MASK
    private static final int META_ALL_MASK
android.support.v4.view.KeyEventCompat$HoneycombKeyEventVersionImpl:
    98:98:public int normalizeMetaState(int)
android.support.v4.view.KeyEventCompat$KeyEventVersionImpl:
    public abstract int normalizeMetaState(int)
android.support.v4.view.KeyEventCompatHoneycomb:
    24:24:KeyEventCompatHoneycomb()
    26:26:public static int normalizeMetaState(int)
android.support.v4.view.MenuCompat
android.support.v4.view.MenuCompat$BaseMenuVersionImpl
android.support.v4.view.MenuCompat$HoneycombMenuVersionImpl
android.support.v4.view.MenuCompat$MenuVersionImpl
android.support.v4.view.MenuItemCompat
android.support.v4.view.MenuItemCompat$BaseMenuVersionImpl
android.support.v4.view.MenuItemCompat$HoneycombMenuVersionImpl
android.support.v4.view.MenuItemCompat$MenuVersionImpl
android.support.v4.view.MenuItemCompatHoneycomb
android.support.v4.view.MotionEventCompat:
    public static final int ACTION_MASK
    public static final int ACTION_POINTER_DOWN
    public static final int ACTION_POINTER_UP
    public static final int ACTION_HOVER_MOVE
    public static final int ACTION_SCROLL
    public static final int ACTION_POINTER_INDEX_MASK
    public static final int ACTION_POINTER_INDEX_SHIFT
    public static final int ACTION_HOVER_ENTER
    public static final int ACTION_HOVER_EXIT
    25:80:public MotionEventCompat()
    183:183:public static int getActionMasked(android.view.MotionEvent)
    236:236:public static int getPointerCount(android.view.MotionEvent)
android.support.v4.view.MotionEventCompat$BaseMotionEventVersionImpl:
    73:73:public int getPointerCount(android.view.MotionEvent)
android.support.v4.view.MotionEventCompat$EclairMotionEventVersionImpl:
    99:99:public int getPointerCount(android.view.MotionEvent)
android.support.v4.view.MotionEventCompat$MotionEventVersionImpl:
    public abstract int getPointerCount(android.view.MotionEvent)
android.support.v4.view.MotionEventCompatEclair:
    24:24:MotionEventCompatEclair()
    38:38:public static int getPointerCount(android.view.MotionEvent)